<?xml version="1.0" encoding="UTF-8"?>
<!-- Generated by org.testng.reporters.JUnitReportReporter -->
<testsuite hostname="DESKTOP-I6BM0I8" failures="0" tests="2" name="Project.Test1" time="0.034" errors="0" timestamp="2022-05-10T13:28:04 IST" skipped="0">
  <testcase classname="Project.Test1" name="test1" time="0.003"/>
  <system-out/>
  <testcase classname="Project.Test1" name="tes21" time="0.031"/>
  <system-out/>
</testsuite> <!-- Project.Test1 -->
